Arguments: 
  /usr/bin/node /usr/bin/yarn test

PATH: 
  /home/matheus/.asdf/shims:/home/matheus/.asdf/bin:/home/matheus/.rvm/gems/ruby-2.6.3/bin:/home/matheus/.rvm/gems/ruby-2.6.3@global/bin:/home/matheus/.rvm/rubies/ruby-2.6.3/bin:/home/matheus/.rvm/bin:/usr/local/bin:/usr/bin:/bin:/usr/local/games:/usr/games:/snap/bin:/home/matheus/.rvm/bin

Yarn version: 
  1.19.2

Node version: 
  10.17.0

Platform: 
  linux x64

Trace: 
  SyntaxError: /home/matheus/projetos/delivery-fast/package.json: Unexpected token } in JSON at position 384
      at JSON.parse (<anonymous>)
      at /usr/lib/node_modules/yarn/lib/cli.js:1625:59
      at Generator.next (<anonymous>)
      at step (/usr/lib/node_modules/yarn/lib/cli.js:304:30)
      at /usr/lib/node_modules/yarn/lib/cli.js:315:13

npm manifest: 
  {
    "name": "deliveryfast",
    "engines": {
      "node": "10.17.0",
      "yarn": "1.19.2"
    },
    "scripts": {
      "build": "yarn --cwd javascript/ install && yarn --cwd javascript build",
      "deploy": "cp -a javascript/build/. public/",
      "heroku-postbuild": "yarn build && yarn deploy",
      "test": "docker exec deliveryfast_web_1 bin/rails db:drop db:setup && yarn cypress run",
  
    },
    "dependencies": {
    }
  }

yarn manifest: 
  No manifest

Lockfile: 
  # THIS IS AN AUTOGENERATED FILE. DO NOT EDIT THIS FILE DIRECTLY.
  # yarn lockfile v1
